<?xml version="1.0" encoding="UTF-8"?>
<!-- Generated by org.testng.reporters.JUnitReportReporter -->
<testsuite skipped="0" hostname="HVSL" name="crudOperation.GetallProjectStaticImportChaining" tests="1" failures="0" timestamp="2022-08-08T17:33:23 IST" time="7.371" errors="0">
  <testcase name="getAllProjectTest" time="7.371" classname="crudOperation.GetallProjectStaticImportChaining"/>
  <system-out/>
</testsuite> <!-- crudOperation.GetallProjectStaticImportChaining -->
