<?xml version="1.0" encoding="UTF-8"?>
<!-- Generated by org.testng.reporters.JUnitReportReporter -->
<testsuite skipped="0" hostname="HVSL" name="crudOperation.LoginRMGYantrawithAuthentication" tests="1" failures="0" timestamp="2022-08-08T15:15:25 IST" time="3.452" errors="0">
  <testcase name="loginRMGYantrawithAuthenticationTest" time="3.452" classname="crudOperation.LoginRMGYantrawithAuthentication"/>
  <system-out/>
</testsuite> <!-- crudOperation.LoginRMGYantrawithAuthentication -->
