<?xml version="1.0" encoding="UTF-8"?>
<!-- Generated by org.testng.reporters.JUnitReportReporter -->
<testsuite skipped="0" hostname="HVSL" name="Authentication.BasicDigestiveAuth" tests="1" failures="0" timestamp="2022-08-10T13:28:34 IST" time="9.158" errors="0">
  <testcase name="basicDigestiveAuthTest" time="9.158" classname="Authentication.BasicDigestiveAuth"/>
  <system-out/>
</testsuite> <!-- Authentication.BasicDigestiveAuth -->
