<?xml version="1.0" encoding="UTF-8"?>
<!-- Generated by org.testng.reporters.JUnitReportReporter -->
<testsuite skipped="0" hostname="HVSL" name="Parameterization.QueryParameter" tests="1" failures="0" timestamp="2022-08-10T11:40:29 IST" time="13.594" errors="0">
  <testcase name="queryParameter" time="13.594" classname="Parameterization.QueryParameter"/>
  <system-out/>
</testsuite> <!-- Parameterization.QueryParameter -->
