<?xml version="1.0" encoding="UTF-8"?>
<!-- Generated by org.testng.reporters.JUnitReportReporter -->
<testsuite skipped="0" hostname="HVSL" name="crudOperation.CreateProjectUsingJSONfile" tests="1" failures="0" timestamp="2022-08-09T13:26:49 IST" time="21.178" errors="0">
  <testcase name="createProject" time="21.178" classname="crudOperation.CreateProjectUsingJSONfile"/>
  <system-out/>
</testsuite> <!-- crudOperation.CreateProjectUsingJSONfile -->
