<?xml version="1.0" encoding="UTF-8"?>
<!-- Generated by org.testng.reporters.JUnitReportReporter -->
<testsuite skipped="0" hostname="HVSL" name="crudOperation.GetAllProject" tests="1" failures="0" timestamp="2022-08-10T10:22:39 IST" time="7.717" errors="0">
  <testcase name="getAllProjectTest" time="7.717" classname="crudOperation.GetAllProject"/>
  <system-out/>
</testsuite> <!-- crudOperation.GetAllProject -->
