<?xml version="1.0" encoding="UTF-8"?>
<!-- Generated by org.testng.reporters.JUnitReportReporter -->
<testsuite skipped="0" hostname="HVSL" name="crudOperation.UpdateProject" tests="1" failures="0" timestamp="2022-08-08T10:28:30 IST" time="7.997" errors="0">
  <testcase name="updateProjectTest" time="7.997" classname="crudOperation.UpdateProject"/>
  <system-out/>
</testsuite> <!-- crudOperation.UpdateProject -->
