<?xml version="1.0" encoding="UTF-8"?>
<!-- Generated by org.testng.reporters.JUnitReportReporter -->
<testsuite skipped="0" hostname="HVSL" name="Authentication.BearerTokenT" tests="1" failures="0" timestamp="2022-08-10T15:26:18 IST" time="9.472" errors="0">
  <testcase name="bearerTokenTest" time="9.472" classname="Authentication.BearerTokenT"/>
  <system-out/>
</testsuite> <!-- Authentication.BearerTokenT -->
