<?xml version="1.0" encoding="UTF-8"?>
<!-- Generated by org.testng.reporters.JUnitReportReporter -->
<testsuite skipped="0" hostname="HVSL" name="Authentication.basicAuth" tests="1" failures="0" timestamp="2022-08-10T13:19:58 IST" time="6.581" errors="0">
  <testcase name="basicAuthTest" time="6.581" classname="Authentication.basicAuth"/>
  <system-out/>
</testsuite> <!-- Authentication.basicAuth -->
