<?xml version="1.0" encoding="UTF-8"?>
<!-- Generated by org.testng.reporters.JUnitReportReporter -->
<testsuite skipped="0" hostname="HVSL" name="Authentication.Oauth2_0" tests="1" failures="0" timestamp="2022-08-10T16:20:12 IST" time="9.880" errors="0">
  <testcase name="oauthAuthentication" time="9.880" classname="Authentication.Oauth2_0"/>
  <system-out/>
</testsuite> <!-- Authentication.Oauth2_0 -->
