<?xml version="1.0" encoding="UTF-8"?>
<!-- Generated by org.testng.reporters.JUnitReportReporter -->
<testsuite skipped="0" hostname="HVSL" name="crudOperation.CreateProjectUsingJSONObject" tests="1" failures="0" timestamp="2022-08-09T16:55:25 IST" time="8.828" errors="0">
  <testcase name="createProject" time="8.828" classname="crudOperation.CreateProjectUsingJSONObject"/>
  <system-out/>
</testsuite> <!-- crudOperation.CreateProjectUsingJSONObject -->
