<?xml version="1.0" encoding="UTF-8"?>
<!-- Generated by org.testng.reporters.JUnitReportReporter -->
<testsuite skipped="0" hostname="HVSL" name="crudOperation.DeleteProject" tests="1" failures="0" timestamp="2022-08-08T11:44:35 IST" time="6.850" errors="0">
  <testcase name="deleteProjectTest" time="6.850" classname="crudOperation.DeleteProject"/>
  <system-out/>
</testsuite> <!-- crudOperation.DeleteProject -->
