<?xml version="1.0" encoding="UTF-8"?>
<!-- Generated by org.testng.reporters.JUnitReportReporter -->
<testsuite skipped="0" hostname="HVSL" name="DeserializationEmployeeDetails" tests="1" failures="0" timestamp="2022-07-28T16:06:22 IST" time="0.828" errors="0">
  <testcase name="deserializationTest" time="0.828" classname="DeserializationEmployeeDetails"/>
  <system-out/>
</testsuite> <!-- DeserializationEmployeeDetails -->
