<?xml version="1.0" encoding="UTF-8"?>
<!-- Generated by org.testng.reporters.JUnitReportReporter -->
<testsuite skipped="0" hostname="HVSL" name="EndToEndScenarios.CreateProjectVerifyInDataBase" tests="1" failures="0" timestamp="2022-08-11T11:08:00 IST" time="9.389" errors="0">
  <testcase name="createProjectANdVerifyInDBTest" time="9.389" classname="EndToEndScenarios.CreateProjectVerifyInDataBase"/>
  <system-out>
    <![CDATA[TY_PROJ_1605]]>
  </system-out>
</testsuite> <!-- EndToEndScenarios.CreateProjectVerifyInDataBase -->
