<?xml version="1.0" encoding="UTF-8"?>
<!-- Generated by org.testng.reporters.JUnitReportReporter -->
<testsuite skipped="0" hostname="HVSL" name="SerialisationForEmployee3" tests="1" failures="0" timestamp="2022-08-04T17:51:38 IST" time="0.965" errors="0">
  <testcase name="serializationTest" time="0.965" classname="SerialisationForEmployee3"/>
  <system-out/>
</testsuite> <!-- SerialisationForEmployee3 -->
