<?xml version="1.0" encoding="UTF-8"?>
<!-- Generated by org.testng.reporters.JUnitReportReporter -->
<testsuite skipped="0" hostname="HVSL" name="crudOperation.CreateProjectUsingHashMap" tests="1" failures="0" timestamp="2022-08-09T12:50:33 IST" time="9.401" errors="0">
  <testcase name="createProject" time="9.401" classname="crudOperation.CreateProjectUsingHashMap"/>
  <system-out/>
</testsuite> <!-- crudOperation.CreateProjectUsingHashMap -->
