<?xml version="1.0" encoding="UTF-8"?>
<!-- Generated by org.testng.reporters.JUnitReportReporter -->
<testsuite skipped="0" hostname="HVSL" name="SerializationPart2" tests="1" failures="0" timestamp="2022-07-28T16:08:43 IST" time="0.645" errors="0">
  <testcase name="serializingTest" time="0.645" classname="SerializationPart2"/>
  <system-out/>
</testsuite> <!-- SerializationPart2 -->
