<?xml version="1.0" encoding="UTF-8"?>
<!-- Generated by org.testng.reporters.JUnitReportReporter -->
<testsuite skipped="0" hostname="HVSL" name="crudOperation.StaticResponseValidationGet" tests="1" failures="0" timestamp="2022-08-10T10:38:51 IST" time="10.763" errors="0">
  <testcase name="staticResponsegetTest" time="10.763" classname="crudOperation.StaticResponseValidationGet"/>
  <system-out/>
</testsuite> <!-- crudOperation.StaticResponseValidationGet -->
