<?xml version="1.0" encoding="UTF-8"?>
<!-- Generated by org.testng.reporters.JUnitReportReporter -->
<testsuite skipped="0" hostname="HVSL" name="Parameterization.CreatedataUsingFormParameter" tests="1" failures="0" timestamp="2022-08-10T12:00:26 IST" time="10.031" errors="0">
  <testcase name="createDataUsingParameter" time="10.031" classname="Parameterization.CreatedataUsingFormParameter"/>
  <system-out/>
</testsuite> <!-- Parameterization.CreatedataUsingFormParameter -->
