<?xml version="1.0" encoding="UTF-8"?>
<!-- Generated by org.testng.reporters.JUnitReportReporter -->
<testsuite skipped="0" hostname="HVSL" name="ResponseValidation.StaticResponseValidationGet" tests="1" failures="0" timestamp="2022-08-10T17:01:51 IST" time="8.002" errors="0">
  <testcase name="staticResponsegetTest" time="8.002" classname="ResponseValidation.StaticResponseValidationGet"/>
  <system-out/>
</testsuite> <!-- ResponseValidation.StaticResponseValidationGet -->
