<?xml version="1.0" encoding="UTF-8"?>
<!-- Generated by org.testng.reporters.JUnitReportReporter -->
<testsuite skipped="0" hostname="HVSL" name="Parameterization.PathParameter" tests="1" failures="0" timestamp="2022-08-10T11:37:21 IST" time="7.808" errors="0">
  <testcase name="getSingleProject" time="7.808" classname="Parameterization.PathParameter"/>
  <system-out/>
</testsuite> <!-- Parameterization.PathParameter -->
