<?xml version="1.0" encoding="UTF-8"?>
<!-- Generated by org.testng.reporters.JUnitReportReporter -->
<testsuite skipped="0" hostname="HVSL" name="createProjectUsingPOJOPost" tests="1" failures="0" timestamp="2022-08-09T13:25:25 IST" time="21.524" errors="0">
  <testcase name="createProject" time="21.524" classname="createProjectUsingPOJOPost"/>
  <system-out/>
</testsuite> <!-- createProjectUsingPOJOPost -->
