<?xml version="1.0" encoding="UTF-8"?>
<!-- Generated by org.testng.reporters.JUnitReportReporter -->
<testsuite skipped="0" hostname="HVSL" name="requestChaining.CreateProGetProANdDeletePro" tests="1" failures="0" timestamp="2022-08-10T12:25:31 IST" time="8.410" errors="0">
  <testcase name="requestChaining1Test" time="8.410" classname="requestChaining.CreateProGetProANdDeletePro"/>
  <system-out/>
</testsuite> <!-- requestChaining.CreateProGetProANdDeletePro -->
