<?xml version="1.0" encoding="UTF-8"?>
<!-- Generated by org.testng.reporters.JUnitReportReporter -->
<testsuite skipped="0" hostname="HVSL" name="SerializationAndDeserialization" tests="1" failures="0" timestamp="2022-07-28T13:26:34 IST" time="0.651" errors="0">
  <testcase name="serialisationEmpDetailsTest" time="0.651" classname="SerializationAndDeserialization"/>
  <system-out/>
</testsuite> <!-- SerializationAndDeserialization -->
