<?xml version="1.0" encoding="UTF-8"?>
<!-- Generated by org.testng.reporters.JUnitReportReporter -->
<testsuite skipped="0" hostname="HVSL" name="requestChaining.requestChainingwithPostGetUpdateGetDelete" tests="1" failures="0" timestamp="2022-08-10T14:44:54 IST" time="7.382" errors="0">
  <testcase name="CreatingGetUpdateAndDeleteTest" time="7.382" classname="requestChaining.requestChainingwithPostGetUpdateGetDelete"/>
  <system-out/>
</testsuite> <!-- requestChaining.requestChainingwithPostGetUpdateGetDelete -->
