<?xml version="1.0" encoding="UTF-8"?>
<!-- Generated by org.testng.reporters.JUnitReportReporter -->
<testsuite skipped="0" hostname="HVSL" name="crudOperation.CreateProjectTest" tests="1" failures="0" timestamp="2022-08-09T12:48:31 IST" time="8.430" errors="0">
  <testcase name="createProjectTest" time="8.430" classname="crudOperation.CreateProjectTest"/>
  <system-out/>
</testsuite> <!-- crudOperation.CreateProjectTest -->
